<?xml version="1.0" encoding="UTF-8"?>
<!-- Generated by org.testng.reporters.JUnitReportReporter -->
<testsuite hostname="DESKTOP-307BSJC" failures="0" tests="1" name="org.testing.testscripts.TC2GetAllRequest" time="0.052" errors="0" timestamp="07 Jan 2025 18:28:59 GMT" skipped="0">
  <testcase classname="org.testing.testscripts.TC2GetAllRequest" name="testcase2" time="0.052"/>
</testsuite> <!-- org.testing.testscripts.TC2GetAllRequest -->
